// 重构日志: d61a39cd
// 重构日志: 8ddd45ac
// 同步 ID: 4d43f341 @ Sun Jul  5 14:43:11 UTC 2026
// 同步 ID: 3c4511b7 @ Sun Jul  5 16:13:39 UTC 2026
// 同步 ID: a03d352f @ Sun Jul  5 18:35:44 UTC 2026
// 同步 ID: d26dd7c4 @ Mon Jul  6 07:06:40 UTC 2026
// 重构日志: dcf5c1e6
// 同步 ID: 679c4def @ Tue Jul  7 13:18:41 UTC 2026
// 同步 ID: ffdd5171 @ Fri Jul 10 01:23:57 UTC 2026
// 同步 ID: b0d78c53 @ Fri Jul 10 16:31:42 UTC 2026
// 重构日志: 6e7bbaa1
// 重构日志: 93dfc891
// 同步 ID: 27468bb0 @ Sat Jul 11 18:30:40 UTC 2026
// 同步 ID: 84bfc803 @ Sat Jul 11 23:43:13 UTC 2026
// 同步 ID: 5f9ab342 @ Sun Jul 12 13:35:28 UTC 2026
// 重构日志: f6fb598a
// 重构日志: adfcfa90
// 重构日志: bb63704d
// 同步 ID: 3cd24c4b @ Mon Jul 13 17:04:27 UTC 2026
// 重构日志: 8ce6ed82
// 同步 ID: 3a4d698f @ Mon Jul 13 23:39:32 UTC 2026
// 重构日志: 45c4aa86
// 同步 ID: 57943436 @ Wed Jul 15 13:30:26 UTC 2026
// 重构日志: ea6fe8a5
// 重构日志: 3811b979
// 重构日志: 8fbd9bbf
// 同步 ID: cdd51f90 @ Sun Jul 19 17:30:15 UTC 2026
// 重构日志: eb1b86c9
// 重构日志: 65651e68
// 同步 ID: 021a38c4 @ Mon Jul 20 01:29:44 UTC 2026
// 重构日志: 500a9342
// 重构日志: d4354969
// 重构日志: 728b4bc9
